2026-01-27 12:49:36,824 INFO: Downloaded to data\covariate_data\Malawi_Covs\mwi_buildings_count_BCB_gl_100m_v1_1.tif
2026-01-27 12:49:41,029 INFO: Downloaded to data\covariate_data\Tanzania_Covs\tza_buildings_count_BCB_gl_100m_v1_1.tif
2026-01-27 12:49:42,821 INFO: Downloaded to data\covariate_data\Mozambique_Covs\moz_buildings_count_BCB_gl_100m_v1_1.tif
2026-01-27 12:49:44,044 INFO: Downloaded to data\covariate_data\Zambia_Covs\zmb_buildings_count_BCB_gl_100m_v1_1.tif
2026-01-27 12:49:44,923 INFO: Downloaded to data\covariate_data\Malawi_Covs\mwi_buildings_count_BCB_ms_100m_v1_1.tif
2026-01-27 12:49:50,178 INFO: Downloaded to data\covariate_data\Tanzania_Covs\tza_buildings_count_BCB_ms_100m_v1_1.tif
2026-01-27 12:49:52,577 INFO: Downloaded to data\covariate_data\Mozambique_Covs\moz_buildings_count_BCB_ms_100m_v1_1.tif
2026-01-27 12:49:54,086 INFO: Downloaded to data\covariate_data\Zambia_Covs\zmb_buildings_count_BCB_ms_100m_v1_1.tif
2026-01-27 12:49:56,312 INFO: Downloaded to data\covariate_data\Malawi_Covs\mwi_buildings_cv_area_BCB_gl_100m_v1_1.tif
2026-01-27 12:50:05,702 INFO: Downloaded to data\covariate_data\Tanzania_Covs\tza_buildings_cv_area_BCB_gl_100m_v1_1.tif
2026-01-27 12:50:09,084 INFO: Downloaded to data\covariate_data\Mozambique_Covs\moz_buildings_cv_area_BCB_gl_100m_v1_1.tif
2026-01-27 12:50:11,176 INFO: Downloaded to data\covariate_data\Zambia_Covs\zmb_buildings_cv_area_BCB_gl_100m_v1_1.tif
2026-01-27 12:50:13,187 INFO: Downloaded to data\covariate_data\Malawi_Covs\mwi_buildings_cv_area_BCB_ms_100m_v1_1.tif
2026-01-27 12:50:15,354 INFO: Downloaded to data\covariate_data\Tanzania_Covs\tza_buildings_cv_area_BCB_ms_100m_v1_1.tif
2026-01-27 12:50:18,276 INFO: Downloaded to data\covariate_data\Mozambique_Covs\moz_buildings_cv_area_BCB_ms_100m_v1_1.tif
2026-01-27 12:50:19,767 INFO: Downloaded to data\covariate_data\Zambia_Covs\zmb_buildings_cv_area_BCB_ms_100m_v1_1.tif
2026-01-27 12:50:21,800 INFO: Downloaded to data\covariate_data\Malawi_Covs\mwi_buildings_cv_area_PIB_gl_100m_v1_1.tif
2026-01-27 12:50:25,073 INFO: Downloaded to data\covariate_data\Tanzania_Covs\tza_buildings_cv_area_PIB_gl_100m_v1_1.tif
2026-01-27 12:50:27,215 INFO: Downloaded to data\covariate_data\Mozambique_Covs\moz_buildings_cv_area_PIB_gl_100m_v1_1.tif
2026-01-27 12:50:29,190 INFO: Downloaded to data\covariate_data\Zambia_Covs\zmb_buildings_cv_area_PIB_gl_100m_v1_1.tif
2026-01-27 12:50:30,425 INFO: Downloaded to data\covariate_data\Malawi_Covs\mwi_buildings_cv_area_PIB_ms_100m_v1_1.tif
2026-01-27 12:50:32,896 INFO: Downloaded to data\covariate_data\Tanzania_Covs\tza_buildings_cv_area_PIB_ms_100m_v1_1.tif
2026-01-27 12:50:35,045 INFO: Downloaded to data\covariate_data\Mozambique_Covs\moz_buildings_cv_area_PIB_ms_100m_v1_1.tif
2026-01-27 12:50:37,464 INFO: Downloaded to data\covariate_data\Zambia_Covs\zmb_buildings_cv_area_PIB_ms_100m_v1_1.tif
2026-01-27 12:50:39,519 INFO: Downloaded to data\covariate_data\Malawi_Covs\mwi_buildings_cv_length_BCB_gl_100m_v1_1.tif
2026-01-27 12:50:43,382 INFO: Downloaded to data\covariate_data\Tanzania_Covs\tza_buildings_cv_length_BCB_gl_100m_v1_1.tif
2026-01-27 12:50:45,902 INFO: Downloaded to data\covariate_data\Mozambique_Covs\moz_buildings_cv_length_BCB_gl_100m_v1_1.tif
2026-01-27 12:50:49,507 INFO: Downloaded to data\covariate_data\Zambia_Covs\zmb_buildings_cv_length_BCB_gl_100m_v1_1.tif
2026-01-27 12:50:51,621 INFO: Downloaded to data\covariate_data\Malawi_Covs\mwi_buildings_cv_length_BCB_ms_100m_v1_1.tif
2026-01-27 12:50:53,952 INFO: Downloaded to data\covariate_data\Tanzania_Covs\tza_buildings_cv_length_BCB_ms_100m_v1_1.tif
2026-01-27 12:50:57,903 INFO: Downloaded to data\covariate_data\Mozambique_Covs\moz_buildings_cv_length_BCB_ms_100m_v1_1.tif
2026-01-27 12:51:00,225 INFO: Downloaded to data\covariate_data\Zambia_Covs\zmb_buildings_cv_length_BCB_ms_100m_v1_1.tif
2026-01-27 12:51:01,772 INFO: Downloaded to data\covariate_data\Malawi_Covs\mwi_buildings_cv_length_PIB_gl_100m_v1_1.tif
2026-01-27 12:51:07,826 INFO: Downloaded to data\covariate_data\Tanzania_Covs\tza_buildings_cv_length_PIB_gl_100m_v1_1.tif
2026-01-27 12:51:11,529 INFO: Downloaded to data\covariate_data\Mozambique_Covs\moz_buildings_cv_length_PIB_gl_100m_v1_1.tif
2026-01-27 12:51:15,833 INFO: Downloaded to data\covariate_data\Zambia_Covs\zmb_buildings_cv_length_PIB_gl_100m_v1_1.tif
2026-01-27 12:51:17,467 INFO: Downloaded to data\covariate_data\Malawi_Covs\mwi_buildings_cv_length_PIB_ms_100m_v1_1.tif
2026-01-27 12:51:19,827 INFO: Downloaded to data\covariate_data\Tanzania_Covs\tza_buildings_cv_length_PIB_ms_100m_v1_1.tif
2026-01-27 12:51:24,562 INFO: Downloaded to data\covariate_data\Mozambique_Covs\moz_buildings_cv_length_PIB_ms_100m_v1_1.tif
2026-01-27 12:51:27,393 INFO: Downloaded to data\covariate_data\Zambia_Covs\zmb_buildings_cv_length_PIB_ms_100m_v1_1.tif
2026-01-27 12:51:29,564 INFO: Downloaded to data\covariate_data\Malawi_Covs\mwi_buildings_density_BCB_gl_100m_v1_1.tif
2026-01-27 12:51:35,836 INFO: Downloaded to data\covariate_data\Tanzania_Covs\tza_buildings_density_BCB_gl_100m_v1_1.tif
2026-01-27 12:51:42,686 INFO: Downloaded to data\covariate_data\Mozambique_Covs\moz_buildings_density_BCB_gl_100m_v1_1.tif
2026-01-27 12:51:45,615 INFO: Downloaded to data\covariate_data\Zambia_Covs\zmb_buildings_density_BCB_gl_100m_v1_1.tif
2026-01-27 12:51:50,938 INFO: Downloaded to data\covariate_data\Malawi_Covs\mwi_buildings_density_BCB_ms_100m_v1_1.tif
2026-01-27 12:52:01,288 INFO: Downloaded to data\covariate_data\Tanzania_Covs\tza_buildings_density_BCB_ms_100m_v1_1.tif
2026-01-27 12:52:11,191 INFO: Downloaded to data\covariate_data\Mozambique_Covs\moz_buildings_density_BCB_ms_100m_v1_1.tif
2026-01-27 12:52:12,713 INFO: Downloaded to data\covariate_data\Zambia_Covs\zmb_buildings_density_BCB_ms_100m_v1_1.tif
2026-01-27 12:52:16,519 INFO: Downloaded to data\covariate_data\Malawi_Covs\mwi_buildings_density_PIB_gl_100m_v1_1.tif
2026-01-27 12:52:25,266 INFO: Downloaded to data\covariate_data\Tanzania_Covs\tza_buildings_density_PIB_gl_100m_v1_1.tif
2026-01-27 12:52:33,866 INFO: Downloaded to data\covariate_data\Mozambique_Covs\moz_buildings_density_PIB_gl_100m_v1_1.tif
2026-01-27 12:52:36,570 INFO: Downloaded to data\covariate_data\Zambia_Covs\zmb_buildings_density_PIB_gl_100m_v1_1.tif
2026-01-27 12:52:39,534 INFO: Downloaded to data\covariate_data\Malawi_Covs\mwi_buildings_density_PIB_ms_100m_v1_1.tif
2026-01-27 12:52:50,621 INFO: Downloaded to data\covariate_data\Tanzania_Covs\tza_buildings_density_PIB_ms_100m_v1_1.tif
2026-01-27 12:52:53,304 INFO: Downloaded to data\covariate_data\Mozambique_Covs\moz_buildings_density_PIB_ms_100m_v1_1.tif
2026-01-27 12:52:55,978 INFO: Downloaded to data\covariate_data\Zambia_Covs\zmb_buildings_density_PIB_ms_100m_v1_1.tif
2026-01-27 12:52:57,665 INFO: Downloaded to data\covariate_data\Malawi_Covs\mwi_buildings_mean_area_BCB_gl_100m_v1_1.tif
2026-01-27 12:53:13,347 INFO: Downloaded to data\covariate_data\Tanzania_Covs\tza_buildings_mean_area_BCB_gl_100m_v1_1.tif
2026-01-27 12:53:23,118 INFO: Downloaded to data\covariate_data\Mozambique_Covs\moz_buildings_mean_area_BCB_gl_100m_v1_1.tif
2026-01-27 12:53:25,572 INFO: Downloaded to data\covariate_data\Zambia_Covs\zmb_buildings_mean_area_BCB_gl_100m_v1_1.tif
2026-01-27 12:53:26,611 INFO: Downloaded to data\covariate_data\Malawi_Covs\mwi_buildings_mean_area_BCB_ms_100m_v1_1.tif
2026-01-27 12:53:35,911 INFO: Downloaded to data\covariate_data\Tanzania_Covs\tza_buildings_mean_area_BCB_ms_100m_v1_1.tif
2026-01-27 12:53:43,739 INFO: Downloaded to data\covariate_data\Mozambique_Covs\moz_buildings_mean_area_BCB_ms_100m_v1_1.tif
2026-01-27 12:53:45,484 INFO: Downloaded to data\covariate_data\Zambia_Covs\zmb_buildings_mean_area_BCB_ms_100m_v1_1.tif
2026-01-27 12:53:50,086 INFO: Downloaded to data\covariate_data\Malawi_Covs\mwi_buildings_mean_area_PIB_gl_100m_v1_1.tif
2026-01-27 12:53:55,268 INFO: Downloaded to data\covariate_data\Tanzania_Covs\tza_buildings_mean_area_PIB_gl_100m_v1_1.tif
2026-01-27 12:54:02,839 INFO: Downloaded to data\covariate_data\Mozambique_Covs\moz_buildings_mean_area_PIB_gl_100m_v1_1.tif
2026-01-27 12:54:10,322 INFO: Downloaded to data\covariate_data\Zambia_Covs\zmb_buildings_mean_area_PIB_gl_100m_v1_1.tif
2026-01-27 12:54:12,571 INFO: Downloaded to data\covariate_data\Malawi_Covs\mwi_buildings_mean_area_PIB_ms_100m_v1_1.tif
2026-01-27 12:54:24,947 INFO: Downloaded to data\covariate_data\Tanzania_Covs\tza_buildings_mean_area_PIB_ms_100m_v1_1.tif
2026-01-27 12:54:31,645 INFO: Downloaded to data\covariate_data\Mozambique_Covs\moz_buildings_mean_area_PIB_ms_100m_v1_1.tif
2026-01-27 12:54:35,061 INFO: Downloaded to data\covariate_data\Zambia_Covs\zmb_buildings_mean_area_PIB_ms_100m_v1_1.tif
2026-01-27 12:54:38,337 INFO: Downloaded to data\covariate_data\Malawi_Covs\mwi_buildings_mean_length_BCB_gl_100m_v1_1.tif
2026-01-27 12:54:44,364 INFO: Downloaded to data\covariate_data\Tanzania_Covs\tza_buildings_mean_length_BCB_gl_100m_v1_1.tif
2026-01-27 12:54:47,934 INFO: Downloaded to data\covariate_data\Mozambique_Covs\moz_buildings_mean_length_BCB_gl_100m_v1_1.tif
2026-01-27 12:54:49,819 INFO: Downloaded to data\covariate_data\Zambia_Covs\zmb_buildings_mean_length_BCB_gl_100m_v1_1.tif
2026-01-27 12:54:52,262 INFO: Downloaded to data\covariate_data\Malawi_Covs\mwi_buildings_mean_length_BCB_ms_100m_v1_1.tif
2026-01-27 12:54:58,322 INFO: Downloaded to data\covariate_data\Tanzania_Covs\tza_buildings_mean_length_BCB_ms_100m_v1_1.tif
2026-01-27 12:55:03,178 INFO: Downloaded to data\covariate_data\Mozambique_Covs\moz_buildings_mean_length_BCB_ms_100m_v1_1.tif
2026-01-27 12:55:07,951 INFO: Downloaded to data\covariate_data\Zambia_Covs\zmb_buildings_mean_length_BCB_ms_100m_v1_1.tif
2026-01-27 12:55:09,899 INFO: Downloaded to data\covariate_data\Malawi_Covs\mwi_buildings_mean_length_PIB_gl_100m_v1_1.tif
2026-01-27 12:55:18,356 INFO: Downloaded to data\covariate_data\Tanzania_Covs\tza_buildings_mean_length_PIB_gl_100m_v1_1.tif
2026-01-27 12:55:22,281 INFO: Downloaded to data\covariate_data\Mozambique_Covs\moz_buildings_mean_length_PIB_gl_100m_v1_1.tif
2026-01-27 12:55:25,181 INFO: Downloaded to data\covariate_data\Zambia_Covs\zmb_buildings_mean_length_PIB_gl_100m_v1_1.tif
2026-01-27 12:55:26,061 INFO: Downloaded to data\covariate_data\Malawi_Covs\mwi_buildings_mean_length_PIB_ms_100m_v1_1.tif
2026-01-27 12:55:30,642 INFO: Downloaded to data\covariate_data\Tanzania_Covs\tza_buildings_mean_length_PIB_ms_100m_v1_1.tif
2026-01-27 12:55:33,007 INFO: Downloaded to data\covariate_data\Mozambique_Covs\moz_buildings_mean_length_PIB_ms_100m_v1_1.tif
2026-01-27 12:55:35,556 INFO: Downloaded to data\covariate_data\Zambia_Covs\zmb_buildings_mean_length_PIB_ms_100m_v1_1.tif
2026-01-27 12:55:39,424 INFO: Downloaded to data\covariate_data\Malawi_Covs\mwi_buildings_total_area_BCB_gl_100m_v1_1.tif
2026-01-27 12:55:55,873 INFO: Downloaded to data\covariate_data\Tanzania_Covs\tza_buildings_total_area_BCB_gl_100m_v1_1.tif
2026-01-27 12:55:59,967 INFO: Downloaded to data\covariate_data\Mozambique_Covs\moz_buildings_total_area_BCB_gl_100m_v1_1.tif
2026-01-27 12:56:01,895 INFO: Downloaded to data\covariate_data\Zambia_Covs\zmb_buildings_total_area_BCB_gl_100m_v1_1.tif
2026-01-27 12:56:04,321 INFO: Downloaded to data\covariate_data\Malawi_Covs\mwi_buildings_total_area_BCB_ms_100m_v1_1.tif
2026-01-27 12:56:08,051 INFO: Downloaded to data\covariate_data\Tanzania_Covs\tza_buildings_total_area_BCB_ms_100m_v1_1.tif
2026-01-27 12:56:11,058 INFO: Downloaded to data\covariate_data\Mozambique_Covs\moz_buildings_total_area_BCB_ms_100m_v1_1.tif
2026-01-27 12:56:16,092 INFO: Downloaded to data\covariate_data\Zambia_Covs\zmb_buildings_total_area_BCB_ms_100m_v1_1.tif
2026-01-27 12:56:19,577 INFO: Downloaded to data\covariate_data\Malawi_Covs\mwi_buildings_total_area_PIB_gl_100m_v1_1.tif
2026-01-27 12:56:33,222 INFO: Downloaded to data\covariate_data\Tanzania_Covs\tza_buildings_total_area_PIB_gl_100m_v1_1.tif
2026-01-27 12:56:43,696 INFO: Downloaded to data\covariate_data\Mozambique_Covs\moz_buildings_total_area_PIB_gl_100m_v1_1.tif
2026-01-27 12:56:50,471 INFO: Downloaded to data\covariate_data\Zambia_Covs\zmb_buildings_total_area_PIB_gl_100m_v1_1.tif
2026-01-27 12:56:51,740 INFO: Downloaded to data\covariate_data\Malawi_Covs\mwi_buildings_total_area_PIB_ms_100m_v1_1.tif
2026-01-27 12:57:01,108 INFO: Downloaded to data\covariate_data\Tanzania_Covs\tza_buildings_total_area_PIB_ms_100m_v1_1.tif
2026-01-27 12:57:08,326 INFO: Downloaded to data\covariate_data\Mozambique_Covs\moz_buildings_total_area_PIB_ms_100m_v1_1.tif
2026-01-27 12:57:09,892 INFO: Downloaded to data\covariate_data\Zambia_Covs\zmb_buildings_total_area_PIB_ms_100m_v1_1.tif
2026-01-27 12:57:12,237 INFO: Downloaded to data\covariate_data\Malawi_Covs\mwi_buildings_total_length_BCB_gl_100m_v1_1.tif
2026-01-27 12:57:19,687 INFO: Downloaded to data\covariate_data\Tanzania_Covs\tza_buildings_total_length_BCB_gl_100m_v1_1.tif
2026-01-27 12:57:23,135 INFO: Downloaded to data\covariate_data\Mozambique_Covs\moz_buildings_total_length_BCB_gl_100m_v1_1.tif
2026-01-27 12:57:25,807 INFO: Downloaded to data\covariate_data\Zambia_Covs\zmb_buildings_total_length_BCB_gl_100m_v1_1.tif
2026-01-27 12:57:26,966 INFO: Downloaded to data\covariate_data\Malawi_Covs\mwi_buildings_total_length_BCB_ms_100m_v1_1.tif
2026-01-27 12:57:37,916 INFO: Downloaded to data\covariate_data\Tanzania_Covs\tza_buildings_total_length_BCB_ms_100m_v1_1.tif
2026-01-27 12:57:39,899 INFO: Downloaded to data\covariate_data\Mozambique_Covs\moz_buildings_total_length_BCB_ms_100m_v1_1.tif
2026-01-27 12:57:41,682 INFO: Downloaded to data\covariate_data\Zambia_Covs\zmb_buildings_total_length_BCB_ms_100m_v1_1.tif
2026-01-27 12:57:45,193 INFO: Downloaded to data\covariate_data\Malawi_Covs\mwi_buildings_total_length_PIB_gl_100m_v1_1.tif
2026-01-27 12:57:50,818 INFO: Downloaded to data\covariate_data\Tanzania_Covs\tza_buildings_total_length_PIB_gl_100m_v1_1.tif
2026-01-27 12:57:54,677 INFO: Downloaded to data\covariate_data\Mozambique_Covs\moz_buildings_total_length_PIB_gl_100m_v1_1.tif
2026-01-27 12:57:55,961 INFO: Downloaded to data\covariate_data\Zambia_Covs\zmb_buildings_total_length_PIB_gl_100m_v1_1.tif
2026-01-27 12:57:58,382 INFO: Downloaded to data\covariate_data\Malawi_Covs\mwi_buildings_total_length_PIB_ms_100m_v1_1.tif
2026-01-27 12:58:01,095 INFO: Downloaded to data\covariate_data\Tanzania_Covs\tza_buildings_total_length_PIB_ms_100m_v1_1.tif
2026-01-27 12:58:05,058 INFO: Downloaded to data\covariate_data\Mozambique_Covs\moz_buildings_total_length_PIB_ms_100m_v1_1.tif
2026-01-27 12:58:10,246 INFO: Downloaded to data\covariate_data\Zambia_Covs\zmb_buildings_total_length_PIB_ms_100m_v1_1.tif
2026-01-27 12:58:14,385 INFO: Downloaded to data\covariate_data\Malawi_Covs\mwi_built_S_dist_2024_GHS_MGW_100m_v1.tif
2026-01-27 12:58:19,985 INFO: Downloaded to data\covariate_data\Malawi_Covs\mwi_built_S_dist_2018_GHS_MGW_100m_v1.tif
2026-01-27 12:58:37,248 INFO: Downloaded to data\covariate_data\Tanzania_Covs\tza_built_S_dist_2024_GHS_MGW_100m_v1.tif
2026-01-27 12:59:10,253 INFO: Downloaded to data\covariate_data\Tanzania_Covs\tza_built_S_dist_2018_GHS_MGW_100m_v1.tif
2026-01-27 12:59:40,257 INFO: Downloaded to data\covariate_data\Mozambique_Covs\moz_built_S_dist_2024_GHS_MGW_100m_v1.tif
2026-01-27 13:00:00,675 INFO: Downloaded to data\covariate_data\Mozambique_Covs\moz_built_S_dist_2018_GHS_MGW_100m_v1.tif
2026-01-27 13:00:35,048 INFO: Downloaded to data\covariate_data\Zambia_Covs\zmb_built_S_dist_2024_GHS_MGW_100m_v1.tif
2026-01-27 13:00:46,245 INFO: Downloaded to data\covariate_data\Zambia_Covs\zmb_built_S_dist_2018_GHS_MGW_100m_v1.tif
2026-01-27 13:00:48,065 INFO: Downloaded to data\covariate_data\Malawi_Covs\mwi_built_S_GHS_U_wFGW_100m_v1_2024.tif
2026-01-27 13:00:50,465 INFO: Downloaded to data\covariate_data\Malawi_Covs\mwi_built_S_GHS_U_wFGW_100m_v1_2018.tif
2026-01-27 13:01:00,486 INFO: Downloaded to data\covariate_data\Tanzania_Covs\tza_built_S_GHS_U_wFGW_100m_v1_2024.tif
2026-01-27 13:01:12,537 INFO: Downloaded to data\covariate_data\Tanzania_Covs\tza_built_S_GHS_U_wFGW_100m_v1_2018.tif
2026-01-27 13:01:18,570 INFO: Downloaded to data\covariate_data\Mozambique_Covs\moz_built_S_GHS_U_wFGW_100m_v1_2024.tif
2026-01-27 13:01:24,153 INFO: Downloaded to data\covariate_data\Mozambique_Covs\moz_built_S_GHS_U_wFGW_100m_v1_2018.tif
2026-01-27 13:01:27,289 INFO: Downloaded to data\covariate_data\Zambia_Covs\zmb_built_S_GHS_U_wFGW_100m_v1_2024.tif
2026-01-27 13:01:32,930 INFO: Downloaded to data\covariate_data\Zambia_Covs\zmb_built_S_GHS_U_wFGW_100m_v1_2018.tif
2026-01-27 13:01:32,930 INFO: Exists: data\covariate_data\Malawi_Covs\mwi_built_S_GHS_U_wFGW_100m_v1_2018.tif
2026-01-27 13:01:36,823 INFO: Downloaded to data\covariate_data\Malawi_Covs\mwi_built_V_GHS_U_wFGW_100m_v1_2024.tif
2026-01-27 13:01:40,574 INFO: Downloaded to data\covariate_data\Malawi_Covs\mwi_built_V_GHS_U_wFGW_100m_v1_2018.tif
2026-01-27 13:01:45,890 INFO: Downloaded to data\covariate_data\Tanzania_Covs\tza_built_V_GHS_U_wFGW_100m_v1_2024.tif
2026-01-27 13:01:53,228 INFO: Downloaded to data\covariate_data\Tanzania_Covs\tza_built_V_GHS_U_wFGW_100m_v1_2018.tif
2026-01-27 13:02:01,572 INFO: Downloaded to data\covariate_data\Mozambique_Covs\moz_built_V_GHS_U_wFGW_100m_v1_2024.tif
2026-01-27 13:02:05,863 INFO: Downloaded to data\covariate_data\Mozambique_Covs\moz_built_V_GHS_U_wFGW_100m_v1_2018.tif
2026-01-27 13:02:11,324 INFO: Downloaded to data\covariate_data\Zambia_Covs\zmb_built_V_GHS_U_wFGW_100m_v1_2024.tif
2026-01-27 13:02:16,863 INFO: Downloaded to data\covariate_data\Zambia_Covs\zmb_built_V_GHS_U_wFGW_100m_v1_2018.tif
2026-01-27 13:02:22,910 INFO: Downloaded to data\covariate_data\Malawi_Covs\mwi_coastline_dst_100m_v1.tif
2026-01-27 13:03:00,314 INFO: Downloaded to data\covariate_data\Tanzania_Covs\tza_coastline_dst_100m_v1.tif
2026-01-27 13:03:38,155 INFO: Downloaded to data\covariate_data\Mozambique_Covs\moz_coastline_dst_100m_v1.tif
2026-01-27 13:04:04,769 INFO: Downloaded to data\covariate_data\Zambia_Covs\zmb_coastline_dst_100m_v1.tif
2026-01-27 13:04:12,954 INFO: Downloaded to data\covariate_data\Malawi_Covs\mwi_dist_inland_water_100m_esa_2021_v1.tif
2026-01-27 13:04:53,446 INFO: Downloaded to data\covariate_data\Tanzania_Covs\tza_dist_inland_water_100m_esa_2021_v1.tif
2026-01-27 13:05:19,979 INFO: Downloaded to data\covariate_data\Mozambique_Covs\moz_dist_inland_water_100m_esa_2021_v1.tif
2026-01-27 13:05:39,720 INFO: Downloaded to data\covariate_data\Zambia_Covs\zmb_dist_inland_water_100m_esa_2021_v1.tif
2026-01-27 13:05:48,013 INFO: Downloaded to data\covariate_data\Malawi_Covs\mwi_elevation_merit103_100m_v1.tif
2026-01-27 13:06:16,523 INFO: Downloaded to data\covariate_data\Tanzania_Covs\tza_elevation_merit103_100m_v1.tif
2026-01-27 13:06:46,734 INFO: Downloaded to data\covariate_data\Mozambique_Covs\moz_elevation_merit103_100m_v1.tif
2026-01-27 13:07:28,283 INFO: Downloaded to data\covariate_data\Zambia_Covs\zmb_elevation_merit103_100m_v1.tif
2026-01-27 13:07:31,801 INFO: Downloaded to data\covariate_data\Malawi_Covs\mwi_esalc_11_dst_2022_100m_v1.tif
2026-01-27 13:08:06,887 INFO: Downloaded to data\covariate_data\Tanzania_Covs\tza_esalc_11_dst_2022_100m_v1.tif
2026-01-27 13:08:43,465 INFO: Downloaded to data\covariate_data\Mozambique_Covs\moz_esalc_11_dst_2022_100m_v1.tif
2026-01-27 13:09:07,761 INFO: Downloaded to data\covariate_data\Zambia_Covs\zmb_esalc_11_dst_2022_100m_v1.tif
2026-01-27 13:09:14,107 INFO: Downloaded to data\covariate_data\Malawi_Covs\mwi_esalc_130_dst_2022_100m_v1.tif
2026-01-27 13:09:34,972 INFO: Downloaded to data\covariate_data\Tanzania_Covs\tza_esalc_130_dst_2022_100m_v1.tif
2026-01-27 13:10:04,174 INFO: Downloaded to data\covariate_data\Mozambique_Covs\moz_esalc_130_dst_2022_100m_v1.tif
2026-01-27 13:10:24,497 INFO: Downloaded to data\covariate_data\Zambia_Covs\zmb_esalc_130_dst_2022_100m_v1.tif
2026-01-27 13:10:30,004 INFO: Downloaded to data\covariate_data\Malawi_Covs\mwi_esalc_140_dst_2022_100m_v1.tif
2026-01-27 13:11:03,795 INFO: Downloaded to data\covariate_data\Tanzania_Covs\tza_esalc_140_dst_2022_100m_v1.tif
2026-01-27 13:11:28,889 INFO: Downloaded to data\covariate_data\Mozambique_Covs\moz_esalc_140_dst_2022_100m_v1.tif
2026-01-27 13:11:53,139 INFO: Downloaded to data\covariate_data\Zambia_Covs\zmb_esalc_140_dst_2022_100m_v1.tif
2026-01-27 13:11:57,011 INFO: Downloaded to data\covariate_data\Malawi_Covs\mwi_esalc_150_dst_2022_100m_v1.tif
2026-01-27 13:12:27,831 INFO: Downloaded to data\covariate_data\Tanzania_Covs\tza_esalc_150_dst_2022_100m_v1.tif
2026-01-27 13:13:06,681 INFO: Downloaded to data\covariate_data\Mozambique_Covs\moz_esalc_150_dst_2022_100m_v1.tif
2026-01-27 13:13:55,522 INFO: Downloaded to data\covariate_data\Zambia_Covs\zmb_esalc_150_dst_2022_100m_v1.tif
2026-01-27 13:14:02,787 INFO: Downloaded to data\covariate_data\Malawi_Covs\mwi_esalc_160_dst_2022_100m_v1.tif
2026-01-27 13:14:53,788 INFO: Downloaded to data\covariate_data\Tanzania_Covs\tza_esalc_160_dst_2022_100m_v1.tif
2026-01-27 13:15:28,592 INFO: Downloaded to data\covariate_data\Mozambique_Covs\moz_esalc_160_dst_2022_100m_v1.tif
2026-01-27 13:16:27,661 INFO: Downloaded to data\covariate_data\Zambia_Covs\zmb_esalc_160_dst_2022_100m_v1.tif
2026-01-27 13:16:42,126 INFO: Downloaded to data\covariate_data\Malawi_Covs\mwi_esalc_190_dst_2022_100m_v1.tif
2026-01-27 13:18:19,393 INFO: Downloaded to data\covariate_data\Tanzania_Covs\tza_esalc_190_dst_2022_100m_v1.tif
2026-01-27 13:20:14,835 INFO: Downloaded to data\covariate_data\Mozambique_Covs\moz_esalc_190_dst_2022_100m_v1.tif
2026-01-27 13:22:16,640 INFO: Downloaded to data\covariate_data\Zambia_Covs\zmb_esalc_190_dst_2022_100m_v1.tif
2026-01-27 13:22:48,713 INFO: Downloaded to data\covariate_data\Malawi_Covs\mwi_esalc_200_dst_2022_100m_v1.tif
2026-01-27 13:27:21,855 INFO: Downloaded to data\covariate_data\Tanzania_Covs\tza_esalc_200_dst_2022_100m_v1.tif
2026-01-27 13:28:50,316 INFO: Downloaded to data\covariate_data\Mozambique_Covs\moz_esalc_200_dst_2022_100m_v1.tif
2026-01-27 13:29:58,628 INFO: Downloaded to data\covariate_data\Zambia_Covs\zmb_esalc_200_dst_2022_100m_v1.tif
2026-01-27 13:30:18,380 INFO: Downloaded to data\covariate_data\Malawi_Covs\mwi_esalc_210_dst_2022_100m_v1.tif
2026-01-27 13:31:10,284 INFO: Downloaded to data\covariate_data\Tanzania_Covs\tza_esalc_210_dst_2022_100m_v1.tif
2026-01-27 13:31:48,987 INFO: Downloaded to data\covariate_data\Mozambique_Covs\moz_esalc_210_dst_2022_100m_v1.tif
2026-01-27 13:32:42,518 INFO: Downloaded to data\covariate_data\Zambia_Covs\zmb_esalc_210_dst_2022_100m_v1.tif
2026-01-27 13:32:52,344 INFO: Downloaded to data\covariate_data\Malawi_Covs\mwi_esalc_40_dst_2022_100m_v1.tif
2026-01-27 13:33:27,517 INFO: Downloaded to data\covariate_data\Tanzania_Covs\tza_esalc_40_dst_2022_100m_v1.tif
2026-01-27 13:34:00,520 INFO: Downloaded to data\covariate_data\Mozambique_Covs\moz_esalc_40_dst_2022_100m_v1.tif
2026-01-27 13:34:19,810 INFO: Downloaded to data\covariate_data\Zambia_Covs\zmb_esalc_40_dst_2022_100m_v1.tif
2026-01-27 13:34:30,898 INFO: Downloaded to data\covariate_data\Malawi_Covs\mwi_highway_dist_osm_2023_100m_v1.tif
2026-01-27 13:35:20,610 INFO: Downloaded to data\covariate_data\Tanzania_Covs\tza_highway_dist_osm_2023_100m_v1.tif
2026-01-27 13:36:01,330 INFO: Downloaded to data\covariate_data\Mozambique_Covs\moz_highway_dist_osm_2023_100m_v1.tif
2026-01-27 13:36:34,029 INFO: Downloaded to data\covariate_data\Zambia_Covs\zmb_highway_dist_osm_2023_100m_v1.tif
2026-01-27 13:36:44,790 INFO: Downloaded to data\covariate_data\Malawi_Covs\mwi_ppt_2023_yravg_tc_100m_v1.tif
2026-01-27 13:36:52,509 INFO: Downloaded to data\covariate_data\Malawi_Covs\mwi_ppt_2018_yravg_tc_100m_v1.tif
2026-01-27 13:37:34,912 INFO: Downloaded to data\covariate_data\Tanzania_Covs\tza_ppt_2023_yravg_tc_100m_v1.tif
2026-01-27 13:38:09,865 INFO: Downloaded to data\covariate_data\Mozambique_Covs\moz_ppt_2023_yravg_tc_100m_v1.tif
2026-01-27 13:38:46,856 INFO: Downloaded to data\covariate_data\Zambia_Covs\zmb_ppt_2023_yravg_tc_100m_v1.tif
2026-01-27 13:38:54,665 INFO: Downloaded to data\covariate_data\Malawi_Covs\mwi_rd_intrs_dist_osm_2023_100m_v1.tif
2026-01-27 13:39:27,964 INFO: Downloaded to data\covariate_data\Tanzania_Covs\tza_rd_intrs_dist_osm_2023_100m_v1.tif
2026-01-27 13:40:05,626 INFO: Downloaded to data\covariate_data\Mozambique_Covs\moz_rd_intrs_dist_osm_2023_100m_v1.tif
2026-01-27 13:40:38,807 INFO: Downloaded to data\covariate_data\Zambia_Covs\zmb_rd_intrs_dist_osm_2023_100m_v1.tif
2026-01-27 13:40:48,058 INFO: Downloaded to data\covariate_data\Malawi_Covs\mwi_slope_merit103_100m_v1.tif
2026-01-27 13:41:44,110 INFO: Downloaded to data\covariate_data\Tanzania_Covs\tza_slope_merit103_100m_v1.tif
2026-01-27 13:42:51,653 INFO: Downloaded to data\covariate_data\Mozambique_Covs\moz_slope_merit103_100m_v1.tif
2026-01-27 13:43:48,065 INFO: Downloaded to data\covariate_data\Zambia_Covs\zmb_slope_merit103_100m_v1.tif
2026-01-27 13:43:49,690 INFO: Downloaded to data\covariate_data\Malawi_Covs\mwi_tavg_2023_tlst_100m_v1.tif
2026-01-27 13:43:51,704 INFO: Downloaded to data\covariate_data\Malawi_Covs\mwi_tavg_2018_tlst_100m_v1.tif
2026-01-27 13:44:02,201 INFO: Downloaded to data\covariate_data\Tanzania_Covs\tza_tavg_2023_tlst_100m_v1.tif
2026-01-27 13:44:20,973 INFO: Downloaded to data\covariate_data\Mozambique_Covs\moz_tavg_2023_tlst_100m_v1.tif
2026-01-27 13:44:39,109 INFO: Downloaded to data\covariate_data\Zambia_Covs\zmb_tavg_2023_tlst_100m_v1.tif
2026-01-27 13:44:42,405 INFO: Downloaded to data\covariate_data\Malawi_Covs\mwi_viirs_fvf_2023_100m_v1.tif
2026-01-27 13:44:44,367 INFO: Downloaded to data\covariate_data\Malawi_Covs\mwi_viirs_fvf_2018_100m_v1.tif
2026-01-27 13:44:53,693 INFO: Downloaded to data\covariate_data\Tanzania_Covs\tza_viirs_fvf_2023_100m_v1.tif
2026-01-27 13:44:57,889 INFO: Downloaded to data\covariate_data\Tanzania_Covs\tza_viirs_fvf_2018_100m_v1.tif
2026-01-27 13:45:01,575 INFO: Downloaded to data\covariate_data\Mozambique_Covs\moz_viirs_fvf_2023_100m_v1.tif
2026-01-27 13:45:05,654 INFO: Downloaded to data\covariate_data\Mozambique_Covs\moz_viirs_fvf_2018_100m_v1.tif
2026-01-27 13:45:13,204 INFO: Downloaded to data\covariate_data\Zambia_Covs\zmb_viirs_fvf_2023_100m_v1.tif
2026-01-27 13:45:18,196 INFO: Downloaded to data\covariate_data\Zambia_Covs\zmb_viirs_fvf_2018_100m_v1.tif
2026-01-27 13:45:21,021 INFO: Downloaded to data\covariate_data\Malawi_Covs\mwi_viirs_nvf_2023_100m_v1.tif
2026-01-27 13:45:22,741 INFO: Downloaded to data\covariate_data\Malawi_Covs\mwi_viirs_nvf_2018_100m_v1.tif
2026-01-27 13:45:29,462 INFO: Downloaded to data\covariate_data\Tanzania_Covs\tza_viirs_nvf_2023_100m_v1.tif
2026-01-27 13:45:33,225 INFO: Downloaded to data\covariate_data\Tanzania_Covs\tza_viirs_nvf_2018_100m_v1.tif
2026-01-27 13:45:36,783 INFO: Downloaded to data\covariate_data\Mozambique_Covs\moz_viirs_nvf_2023_100m_v1.tif
2026-01-27 13:45:40,731 INFO: Downloaded to data\covariate_data\Mozambique_Covs\moz_viirs_nvf_2018_100m_v1.tif
2026-01-27 13:45:45,423 INFO: Downloaded to data\covariate_data\Zambia_Covs\zmb_viirs_nvf_2023_100m_v1.tif
2026-01-27 13:45:48,241 INFO: Downloaded to data\covariate_data\Zambia_Covs\zmb_viirs_nvf_2018_100m_v1.tif
2026-01-27 13:45:57,472 INFO: Downloaded to data\covariate_data\Malawi_Covs\mwi_waterbodies_dist_osm_2023_100m_v1.tif
2026-01-27 13:47:59,520 INFO: Downloaded to data\covariate_data\Tanzania_Covs\tza_waterbodies_dist_osm_2023_100m_v1.tif
2026-01-27 13:50:25,636 INFO: Downloaded to data\covariate_data\Mozambique_Covs\moz_waterbodies_dist_osm_2023_100m_v1.tif
2026-01-27 13:52:02,712 INFO: Downloaded to data\covariate_data\Zambia_Covs\zmb_waterbodies_dist_osm_2023_100m_v1.tif
2026-01-27 13:52:27,766 INFO: Downloaded to data\covariate_data\Malawi_Covs\mwi_WDPA_pre2022_cat0_dist_100m_v1.tif
2026-01-27 13:54:55,663 INFO: Downloaded to data\covariate_data\Tanzania_Covs\tza_WDPA_pre2022_cat0_dist_100m_v1.tif
2026-01-27 13:58:21,723 INFO: Downloaded to data\covariate_data\Mozambique_Covs\moz_WDPA_pre2022_cat0_dist_100m_v1.tif
2026-01-27 13:59:45,208 INFO: Downloaded to data\covariate_data\Zambia_Covs\zmb_WDPA_pre2022_cat0_dist_100m_v1.tif
2026-01-27 14:00:03,667 INFO: Downloaded to data\covariate_data\Malawi_Covs\mwi_WDPA_pre2022_cat1_dist_100m_v1.tif
2026-01-27 14:01:52,446 INFO: Downloaded to data\covariate_data\Tanzania_Covs\tza_WDPA_pre2022_cat1_dist_100m_v1.tif
2026-01-27 14:03:17,146 INFO: Downloaded to data\covariate_data\Mozambique_Covs\moz_WDPA_pre2022_cat1_dist_100m_v1.tif
2026-01-27 14:04:26,513 INFO: Downloaded to data\covariate_data\Zambia_Covs\zmb_WDPA_pre2022_cat1_dist_100m_v1.tif
